<?xml version="1.0" encoding="UTF-8"?>
<robot generator="Robot 3.1 (Python 3.8.5 on win32)" generated="20220108 16:54:49.441" rpa="false">
<suite id="s1" name="Test1 CreatingNoteforSessionAndSendingToJIRA" source="C:\Users\hemal\PycharmProjects\FullStory_Assignment\TestCases\Test1_CreatingNoteforSessionAndSendingToJIRA.robot">
<test id="s1-t1" name="Creating Note for a session">
<kw name="Set Selenium Timeout" library="Selenium2Library" type="setup">
<doc>Sets the timeout that is used by various keywords.</doc>
<arguments>
<arg>30 seconds</arg>
</arguments>
<status status="PASS" starttime="20220108 16:54:49.656" endtime="20220108 16:54:49.657"></status>
</kw>
<kw name="Open Application" library="resource">
<kw name="Open Website using URL" library="resource">
<arguments>
<arg>${FullStoryLogin}</arg>
</arguments>
<kw name="Open Browser" library="Selenium2Library">
<doc>Opens a new browser instance to the optional ``url``.</doc>
<arguments>
<arg>${URL}</arg>
<arg>Chrome</arg>
</arguments>
<msg timestamp="20220108 16:54:49.659" level="INFO">Opening browser 'Chrome' to base url 'https://app.fullstory.com/login/'.</msg>
<status status="PASS" starttime="20220108 16:54:49.659" endtime="20220108 16:55:00.260"></status>
</kw>
<kw name="Maximize Browser Window" library="Selenium2Library">
<doc>Maximizes current browser window.</doc>
<status status="PASS" starttime="20220108 16:55:00.260" endtime="20220108 16:55:00.389"></status>
</kw>
<status status="PASS" starttime="20220108 16:54:49.658" endtime="20220108 16:55:00.389"></status>
</kw>
<kw name="Add Cookie" library="Selenium2Library">
<doc>Adds a cookie to your current session.</doc>
<arguments>
<arg>${cookieName}</arg>
<arg>${cookieValue}</arg>
</arguments>
<status status="PASS" starttime="20220108 16:55:00.389" endtime="20220108 16:55:00.397"></status>
</kw>
<status status="PASS" starttime="20220108 16:54:49.657" endtime="20220108 16:55:00.397"></status>
</kw>
<kw name="Login into Full Story" library="resource">
<arguments>
<arg>${encEmailFS}</arg>
<arg>${encPassFS}</arg>
</arguments>
<kw name="Set Selenium Speed" library="Selenium2Library">
<doc>Sets the delay that is waited after each Selenium command.</doc>
<arguments>
<arg>0.4</arg>
</arguments>
<status status="PASS" starttime="20220108 16:55:00.399" endtime="20220108 16:55:00.399"></status>
</kw>
<kw name="Decode Pwd" library="Decode">
<arguments>
<arg>${encEmail}</arg>
</arguments>
<assign>
<var>${Email}</var>
</assign>
<msg timestamp="20220108 16:55:00.400" level="INFO">${Email} = hemnam24@gmail.com</msg>
<status status="PASS" starttime="20220108 16:55:00.399" endtime="20220108 16:55:00.400"></status>
</kw>
<kw name="Decode Pwd" library="Decode">
<arguments>
<arg>${encPass}</arg>
</arguments>
<assign>
<var>${Pass}</var>
</assign>
<msg timestamp="20220108 16:55:00.400" level="INFO">${Pass} = z7hGVmvUhaKqB2a</msg>
<status status="PASS" starttime="20220108 16:55:00.400" endtime="20220108 16:55:00.400"></status>
</kw>
<kw name="Input Text" library="Selenium2Library">
<doc>Types the given ``text`` into the text field identified by ``locator``.</doc>
<arguments>
<arg>${txt_email}</arg>
<arg>${Email}</arg>
</arguments>
<msg timestamp="20220108 16:55:00.401" level="INFO">Typing text 'hemnam24@gmail.com' into text field 'xpath=//div[@id='login-container']/div/div/div[2]/div/div[2]/form/div/div/div/input'.</msg>
<status status="PASS" starttime="20220108 16:55:00.401" endtime="20220108 16:55:01.793"></status>
</kw>
<kw name="Click Element" library="Selenium2Library">
<doc>Click the element identified by ``locator``.</doc>
<arguments>
<arg>${btn_Login}</arg>
</arguments>
<msg timestamp="20220108 16:55:01.793" level="INFO">Clicking element 'xpath=//span[contains(.,'Log in to FullStory')]'.</msg>
<status status="PASS" starttime="20220108 16:55:01.793" endtime="20220108 16:55:02.665"></status>
</kw>
<kw name="Input Password" library="Selenium2Library">
<doc>Types the given password into the text field identified by ``locator``.</doc>
<arguments>
<arg>${txt_password}</arg>
<arg>${Pass}</arg>
</arguments>
<msg timestamp="20220108 16:55:02.665" level="INFO">Typing password into text field 'css=.password &gt; input'.</msg>
<msg timestamp="20220108 16:55:03.510" level="INFO">Temporally setting log level to: NONE</msg>
<msg timestamp="20220108 16:55:03.969" level="INFO">Log level changed from NONE to INFO.</msg>
<status status="PASS" starttime="20220108 16:55:02.665" endtime="20220108 16:55:03.969"></status>
</kw>
<kw name="Click Element" library="Selenium2Library">
<doc>Click the element identified by ``locator``.</doc>
<arguments>
<arg>${btn_Login}</arg>
</arguments>
<msg timestamp="20220108 16:55:03.969" level="INFO">Clicking element 'xpath=//span[contains(.,'Log in to FullStory')]'.</msg>
<status status="PASS" starttime="20220108 16:55:03.969" endtime="20220108 16:55:04.838"></status>
</kw>
<kw name="Wait Until Location Contains" library="Selenium2Library">
<doc>Waits until the current URL contains ``expected``.</doc>
<arguments>
<arg>${FullStoryHomePage}</arg>
</arguments>
<status status="PASS" starttime="20220108 16:55:04.839" endtime="20220108 16:55:07.791"></status>
</kw>
<status status="PASS" starttime="20220108 16:55:00.398" endtime="20220108 16:55:07.791"></status>
</kw>
<kw name="Sleep" library="BuiltIn">
<doc>Pauses the test executed for the given time.</doc>
<arguments>
<arg>5</arg>
</arguments>
<msg timestamp="20220108 16:55:12.802" level="INFO">Slept 5 seconds</msg>
<status status="PASS" starttime="20220108 16:55:07.792" endtime="20220108 16:55:12.803"></status>
</kw>
<kw name="Click Element" library="Selenium2Library">
<doc>Click the element identified by ``locator``.</doc>
<arguments>
<arg>${btn_playSession}</arg>
</arguments>
<msg timestamp="20220108 16:55:12.806" level="INFO">Clicking element 'css=.fs_component_box:nth-child(1) &gt; .HiVDQEKr5si05XL_g2vGp .\_1QsLtHmDyAmlDAJgbH3wPQ path'.</msg>
<status status="PASS" starttime="20220108 16:55:12.805" endtime="20220108 16:55:13.819"></status>
</kw>
<kw name="Sleep" library="BuiltIn">
<doc>Pauses the test executed for the given time.</doc>
<arguments>
<arg>5</arg>
</arguments>
<msg timestamp="20220108 16:55:18.824" level="INFO">Slept 5 seconds</msg>
<status status="PASS" starttime="20220108 16:55:13.820" endtime="20220108 16:55:18.825"></status>
</kw>
<kw name="Wait Until Element Is Visible" library="Selenium2Library">
<doc>Waits until the element ``locator`` is visible.</doc>
<arguments>
<arg>${btn_NoteAndShare}</arg>
</arguments>
<status status="PASS" starttime="20220108 16:55:18.828" endtime="20220108 16:55:19.727"></status>
</kw>
<kw name="Click Element" library="Selenium2Library">
<doc>Click the element identified by ``locator``.</doc>
<arguments>
<arg>${btn_NoteAndShare}</arg>
</arguments>
<msg timestamp="20220108 16:55:19.729" level="INFO">Clicking element 'id=share'.</msg>
<status status="PASS" starttime="20220108 16:55:19.729" endtime="20220108 16:55:20.648"></status>
</kw>
<kw name="Wait Until Element Is Visible" library="Selenium2Library">
<doc>Waits until the element ``locator`` is visible.</doc>
<arguments>
<arg>${txtArea_NoteText}</arg>
</arguments>
<status status="PASS" starttime="20220108 16:55:20.650" endtime="20220108 16:55:21.538"></status>
</kw>
<kw name="Input Text" library="Selenium2Library">
<doc>Types the given ``text`` into the text field identified by ``locator``.</doc>
<arguments>
<arg>${txtArea_NoteText}</arg>
<arg>${Notes}</arg>
</arguments>
<msg timestamp="20220108 16:55:21.543" level="INFO">Typing text 'New Bug' into text field 'css=textarea'.</msg>
<status status="PASS" starttime="20220108 16:55:21.542" endtime="20220108 16:55:22.883"></status>
</kw>
<kw name="Wait Until Element Is Visible" library="Selenium2Library">
<doc>Waits until the element ``locator`` is visible.</doc>
<arguments>
<arg>${btn_Note}</arg>
</arguments>
<status status="PASS" starttime="20220108 16:55:22.885" endtime="20220108 16:55:23.745"></status>
</kw>
<kw name="Click Element" library="Selenium2Library">
<doc>Click the element identified by ``locator``.</doc>
<arguments>
<arg>${btn_Note}</arg>
</arguments>
<msg timestamp="20220108 16:55:23.746" level="INFO">Clicking element 'css=.share:nth-child(2)'.</msg>
<status status="PASS" starttime="20220108 16:55:23.746" endtime="20220108 16:55:24.639"></status>
</kw>
<kw name="Wait Until Element Is Visible" library="Selenium2Library">
<doc>Waits until the element ``locator`` is visible.</doc>
<arguments>
<arg>${Link_Notes}</arg>
</arguments>
<status status="PASS" starttime="20220108 16:55:24.639" endtime="20220108 16:55:25.496"></status>
</kw>
<kw name="Click Element" library="Selenium2Library">
<doc>Click the element identified by ``locator``.</doc>
<arguments>
<arg>${Link_Notes}</arg>
</arguments>
<msg timestamp="20220108 16:55:25.497" level="INFO">Clicking element 'xpath=//a[contains(text(),'Notes')]'.</msg>
<status status="PASS" starttime="20220108 16:55:25.497" endtime="20220108 16:55:26.404"></status>
</kw>
<kw name="Sleep" library="BuiltIn">
<doc>Pauses the test executed for the given time.</doc>
<arguments>
<arg>5</arg>
</arguments>
<msg timestamp="20220108 16:55:31.410" level="INFO">Slept 5 seconds</msg>
<status status="PASS" starttime="20220108 16:55:26.404" endtime="20220108 16:55:31.411"></status>
</kw>
<kw name="Wait Until Element Is Visible" library="Selenium2Library">
<doc>Waits until the element ``locator`` is visible.</doc>
<arguments>
<arg>${SentToJIRA}</arg>
</arguments>
<status status="PASS" starttime="20220108 16:55:31.413" endtime="20220108 16:55:32.284"></status>
</kw>
<kw name="Click Element" library="Selenium2Library">
<doc>Click the element identified by ``locator``.</doc>
<arguments>
<arg>${SentToJIRA}</arg>
</arguments>
<msg timestamp="20220108 16:55:32.286" level="INFO">Clicking element 'xpath=//span[contains(.,'Jira')]'.</msg>
<status status="PASS" starttime="20220108 16:55:32.285" endtime="20220108 16:55:33.225"></status>
</kw>
<kw name="Wait Until Element Is Visible" library="Selenium2Library">
<doc>Waits until the element ``locator`` is visible.</doc>
<arguments>
<arg>${txt_Summary}</arg>
</arguments>
<status status="PASS" starttime="20220108 16:55:33.226" endtime="20220108 16:55:34.693"></status>
</kw>
<kw name="Wait Until Element Is Visible" library="Selenium2Library">
<doc>Waits until the element ``locator`` is visible.</doc>
<arguments>
<arg>${btn_Send}</arg>
</arguments>
<status status="PASS" starttime="20220108 16:55:34.696" endtime="20220108 16:55:35.550"></status>
</kw>
<kw name="Click Element" library="Selenium2Library">
<doc>Click the element identified by ``locator``.</doc>
<arguments>
<arg>${btn_Send}</arg>
</arguments>
<msg timestamp="20220108 16:55:35.551" level="INFO">Clicking element 'xpath=//div[2]/button/span'.</msg>
<status status="PASS" starttime="20220108 16:55:35.551" endtime="20220108 16:55:36.426"></status>
</kw>
<kw name="Sleep" library="BuiltIn">
<doc>Pauses the test executed for the given time.</doc>
<arguments>
<arg>2</arg>
</arguments>
<msg timestamp="20220108 16:55:38.436" level="INFO">Slept 2 seconds</msg>
<status status="PASS" starttime="20220108 16:55:36.429" endtime="20220108 16:55:38.436"></status>
</kw>
<kw name="Page Should Contain Element" library="Selenium2Library">
<doc>Verifies that element ``locator`` is found on the current page.</doc>
<arguments>
<arg>${link_highlight}</arg>
</arguments>
<msg timestamp="20220108 16:55:38.858" level="INFO">Current page contains element 'xpath=//a[contains(text(),'highlight.')]'.</msg>
<status status="PASS" starttime="20220108 16:55:38.437" endtime="20220108 16:55:38.859"></status>
</kw>
<kw name="Page Should Contain" library="Selenium2Library">
<doc>Verifies that current page contains ``text``.</doc>
<arguments>
<arg>Successfully sent highlight.</arg>
</arguments>
<msg timestamp="20220108 16:55:39.723" level="INFO">Current page contains text 'Successfully sent highlight.'.</msg>
<status status="PASS" starttime="20220108 16:55:38.861" endtime="20220108 16:55:39.724"></status>
</kw>
<status status="PASS" starttime="20220108 16:54:49.656" endtime="20220108 16:55:39.726" critical="yes"></status>
</test>
<kw name="Close Website" library="resource" type="teardown">
<kw name="Close All Browsers" library="Selenium2Library">
<doc>Closes all open browsers and resets the browser cache.</doc>
<status status="PASS" starttime="20220108 16:55:39.729" endtime="20220108 16:55:42.212"></status>
</kw>
<status status="PASS" starttime="20220108 16:55:39.729" endtime="20220108 16:55:42.212"></status>
</kw>
<status status="PASS" starttime="20220108 16:54:49.443" endtime="20220108 16:55:42.212"></status>
</suite>
<statistics>
<total>
<stat pass="1" fail="0">Critical Tests</stat>
<stat pass="1" fail="0">All Tests</stat>
</total>
<tag>
</tag>
<suite>
<stat pass="1" fail="0" id="s1" name="Test1 CreatingNoteforSessionAndSendingToJIRA">Test1 CreatingNoteforSessionAndSendingToJIRA</stat>
</suite>
</statistics>
<errors>
</errors>
</robot>
