<?xml version="1.0" encoding="UTF-8"?>
<robot generator="Robot 3.1 (Python 3.8.5 on win32)" generated="20220112 14:52:40.741" rpa="false">
<suite id="s1" name="Test1 CreatingNoteforSessionAndSendingToJIRA" source="C:\Users\hemal\PycharmProjects\FullStory_Assignment\TestCases\Test1_CreatingNoteforSessionAndSendingToJIRA.robot">
<kw name="Open Application" library="resource" type="setup">
<kw name="Open Website using URL" library="resource">
<arguments>
<arg>${FullStoryLogin}</arg>
</arguments>
<kw name="Open Browser" library="Selenium2Library">
<doc>Opens a new browser instance to the optional ``url``.</doc>
<arguments>
<arg>${URL}</arg>
<arg>Chrome</arg>
</arguments>
<msg timestamp="20220112 14:52:41.101" level="INFO">Opening browser 'Chrome' to base url 'https://app.fullstory.com/login/'.</msg>
<status status="PASS" starttime="20220112 14:52:41.101" endtime="20220112 14:52:45.620"></status>
</kw>
<kw name="Maximize Browser Window" library="Selenium2Library">
<doc>Maximizes current browser window.</doc>
<status status="PASS" starttime="20220112 14:52:45.621" endtime="20220112 14:52:45.767"></status>
</kw>
<status status="PASS" starttime="20220112 14:52:41.101" endtime="20220112 14:52:45.768"></status>
</kw>
<kw name="Add Cookie" library="Selenium2Library">
<doc>Adds a cookie to your current session.</doc>
<arguments>
<arg>${cookieName}</arg>
<arg>${cookieValue}</arg>
</arguments>
<status status="PASS" starttime="20220112 14:52:45.768" endtime="20220112 14:52:45.777"></status>
</kw>
<status status="PASS" starttime="20220112 14:52:41.101" endtime="20220112 14:52:45.777"></status>
</kw>
<test id="s1-t1" name="Creating Note for a session">
<kw name="Set Selenium Timeout" library="Selenium2Library" type="setup">
<doc>Sets the timeout that is used by various keywords.</doc>
<arguments>
<arg>30 seconds</arg>
</arguments>
<status status="PASS" starttime="20220112 14:52:45.778" endtime="20220112 14:52:45.779"></status>
</kw>
<kw name="Login into FullStory" library="resource">
<arguments>
<arg>${encEmailFS}</arg>
<arg>${encPassFS}</arg>
</arguments>
<kw name="Set Selenium Speed" library="Selenium2Library">
<doc>Sets the delay that is waited after each Selenium command.</doc>
<arguments>
<arg>0.4</arg>
</arguments>
<status status="PASS" starttime="20220112 14:52:45.779" endtime="20220112 14:52:45.779"></status>
</kw>
<kw name="Decode Pwd" library="Decode">
<arguments>
<arg>${encEmail}</arg>
</arguments>
<assign>
<var>${Email}</var>
</assign>
<msg timestamp="20220112 14:52:45.779" level="INFO">${Email} = hemnam24@gmail.com</msg>
<status status="PASS" starttime="20220112 14:52:45.779" endtime="20220112 14:52:45.779"></status>
</kw>
<kw name="Decode Pwd" library="Decode">
<arguments>
<arg>${encPass}</arg>
</arguments>
<assign>
<var>${Pass}</var>
</assign>
<msg timestamp="20220112 14:52:45.779" level="INFO">${Pass} = z7hGVmvUhaKqB2a</msg>
<status status="PASS" starttime="20220112 14:52:45.779" endtime="20220112 14:52:45.779"></status>
</kw>
<kw name="Input Text" library="Selenium2Library">
<doc>Types the given ``text`` into the text field identified by ``locator``.</doc>
<arguments>
<arg>${txt_email}</arg>
<arg>${Email}</arg>
</arguments>
<msg timestamp="20220112 14:52:45.779" level="INFO">Typing text 'hemnam24@gmail.com' into text field 'xpath=//div[@id='login-container']/div/div/div[2]/div/div[2]/form/div/div/div/input'.</msg>
<status status="PASS" starttime="20220112 14:52:45.779" endtime="20220112 14:52:47.326"></status>
</kw>
<kw name="Click Element" library="Selenium2Library">
<doc>Click the element identified by ``locator``.</doc>
<arguments>
<arg>${btn_Login}</arg>
</arguments>
<msg timestamp="20220112 14:52:47.328" level="INFO">Clicking element 'xpath=//span[contains(.,'Log in to FullStory')]'.</msg>
<status status="PASS" starttime="20220112 14:52:47.327" endtime="20220112 14:52:48.273"></status>
</kw>
<kw name="Input Password" library="Selenium2Library">
<doc>Types the given password into the text field identified by ``locator``.</doc>
<arguments>
<arg>${txt_password}</arg>
<arg>${Pass}</arg>
</arguments>
<msg timestamp="20220112 14:52:48.275" level="INFO">Typing password into text field 'css=.password &gt; input'.</msg>
<msg timestamp="20220112 14:52:49.200" level="INFO">Temporally setting log level to: NONE</msg>
<msg timestamp="20220112 14:52:49.710" level="INFO">Log level changed from NONE to INFO.</msg>
<status status="PASS" starttime="20220112 14:52:48.274" endtime="20220112 14:52:49.710"></status>
</kw>
<kw name="Click Element" library="Selenium2Library">
<doc>Click the element identified by ``locator``.</doc>
<arguments>
<arg>${btn_Login}</arg>
</arguments>
<msg timestamp="20220112 14:52:49.711" level="INFO">Clicking element 'xpath=//span[contains(.,'Log in to FullStory')]'.</msg>
<status status="PASS" starttime="20220112 14:52:49.710" endtime="20220112 14:52:50.610"></status>
</kw>
<kw name="Wait Until Location Contains" library="Selenium2Library">
<doc>Waits until the current URL contains ``expected``.</doc>
<arguments>
<arg>${FullStoryHomePage}</arg>
</arguments>
<status status="PASS" starttime="20220112 14:52:50.610" endtime="20220112 14:52:55.096"></status>
</kw>
<status status="PASS" starttime="20220112 14:52:45.779" endtime="20220112 14:52:55.096"></status>
</kw>
<kw name="Sleep" library="BuiltIn">
<doc>Pauses the test executed for the given time.</doc>
<arguments>
<arg>5</arg>
</arguments>
<msg timestamp="20220112 14:53:00.110" level="INFO">Slept 5 seconds</msg>
<status status="PASS" starttime="20220112 14:52:55.096" endtime="20220112 14:53:00.110"></status>
</kw>
<kw name="Click Element" library="Selenium2Library">
<doc>Click the element identified by ``locator``.</doc>
<arguments>
<arg>${btn_playSession}</arg>
</arguments>
<msg timestamp="20220112 14:53:00.110" level="INFO">Clicking element 'css=.watched &gt; .\_12nOgIHbvYG4xSFAdhxiEb path'.</msg>
<status status="PASS" starttime="20220112 14:53:00.110" endtime="20220112 14:53:01.223"></status>
</kw>
<kw name="Sleep" library="BuiltIn">
<doc>Pauses the test executed for the given time.</doc>
<arguments>
<arg>5</arg>
</arguments>
<msg timestamp="20220112 14:53:06.242" level="INFO">Slept 5 seconds</msg>
<status status="PASS" starttime="20220112 14:53:01.225" endtime="20220112 14:53:06.243"></status>
</kw>
<kw name="Check visibility and click element" library="resource">
<arguments>
<arg>${btn_NoteAndShare}</arg>
</arguments>
<kw name="Wait Until Element Is Visible" library="Selenium2Library">
<doc>Waits until the element ``locator`` is visible.</doc>
<arguments>
<arg>${element}</arg>
</arguments>
<status status="PASS" starttime="20220112 14:53:06.247" endtime="20220112 14:53:07.141"></status>
</kw>
<kw name="Click Element" library="Selenium2Library">
<doc>Click the element identified by ``locator``.</doc>
<arguments>
<arg>${element}</arg>
</arguments>
<msg timestamp="20220112 14:53:07.141" level="INFO">Clicking element 'id=share'.</msg>
<status status="PASS" starttime="20220112 14:53:07.141" endtime="20220112 14:53:08.130"></status>
</kw>
<status status="PASS" starttime="20220112 14:53:06.245" endtime="20220112 14:53:08.130"></status>
</kw>
<kw name="Wait Until Element Is Visible" library="Selenium2Library">
<doc>Waits until the element ``locator`` is visible.</doc>
<arguments>
<arg>${txtArea_NoteText}</arg>
</arguments>
<status status="PASS" starttime="20220112 14:53:08.131" endtime="20220112 14:53:09.003"></status>
</kw>
<kw name="Input Text" library="Selenium2Library">
<doc>Types the given ``text`` into the text field identified by ``locator``.</doc>
<arguments>
<arg>${txtArea_NoteText}</arg>
<arg>${Notes}</arg>
</arguments>
<msg timestamp="20220112 14:53:09.007" level="INFO">Typing text 'New Bug' into text field 'css=textarea'.</msg>
<status status="PASS" starttime="20220112 14:53:09.005" endtime="20220112 14:53:10.432"></status>
</kw>
<kw name="Check visibility and click element" library="resource">
<arguments>
<arg>${btn_Note}</arg>
</arguments>
<kw name="Wait Until Element Is Visible" library="Selenium2Library">
<doc>Waits until the element ``locator`` is visible.</doc>
<arguments>
<arg>${element}</arg>
</arguments>
<status status="PASS" starttime="20220112 14:53:10.432" endtime="20220112 14:53:11.313"></status>
</kw>
<kw name="Click Element" library="Selenium2Library">
<doc>Click the element identified by ``locator``.</doc>
<arguments>
<arg>${element}</arg>
</arguments>
<msg timestamp="20220112 14:53:11.314" level="INFO">Clicking element 'css=.share:nth-child(2)'.</msg>
<status status="PASS" starttime="20220112 14:53:11.314" endtime="20220112 14:53:12.242"></status>
</kw>
<status status="PASS" starttime="20220112 14:53:10.432" endtime="20220112 14:53:12.243"></status>
</kw>
<kw name="Check visibility and click element" library="resource">
<arguments>
<arg>${Link_Notes}</arg>
</arguments>
<kw name="Wait Until Element Is Visible" library="Selenium2Library">
<doc>Waits until the element ``locator`` is visible.</doc>
<arguments>
<arg>${element}</arg>
</arguments>
<status status="PASS" starttime="20220112 14:53:12.248" endtime="20220112 14:53:13.143"></status>
</kw>
<kw name="Click Element" library="Selenium2Library">
<doc>Click the element identified by ``locator``.</doc>
<arguments>
<arg>${element}</arg>
</arguments>
<msg timestamp="20220112 14:53:13.146" level="INFO">Clicking element 'xpath=//a[contains(text(),'Notes')]'.</msg>
<status status="PASS" starttime="20220112 14:53:13.144" endtime="20220112 14:53:14.125"></status>
</kw>
<status status="PASS" starttime="20220112 14:53:12.246" endtime="20220112 14:53:14.125"></status>
</kw>
<kw name="Sleep" library="BuiltIn">
<doc>Pauses the test executed for the given time.</doc>
<arguments>
<arg>5</arg>
</arguments>
<msg timestamp="20220112 14:53:19.139" level="INFO">Slept 5 seconds</msg>
<status status="PASS" starttime="20220112 14:53:14.125" endtime="20220112 14:53:19.140"></status>
</kw>
<kw name="Check visibility and click element" library="resource">
<arguments>
<arg>${SentToJIRA}</arg>
</arguments>
<kw name="Wait Until Element Is Visible" library="Selenium2Library">
<doc>Waits until the element ``locator`` is visible.</doc>
<arguments>
<arg>${element}</arg>
</arguments>
<status status="PASS" starttime="20220112 14:53:19.143" endtime="20220112 14:53:20.045"></status>
</kw>
<kw name="Click Element" library="Selenium2Library">
<doc>Click the element identified by ``locator``.</doc>
<arguments>
<arg>${element}</arg>
</arguments>
<msg timestamp="20220112 14:53:20.045" level="INFO">Clicking element 'xpath=//span[contains(.,'Jira')]'.</msg>
<status status="PASS" starttime="20220112 14:53:20.045" endtime="20220112 14:53:21.065"></status>
</kw>
<status status="PASS" starttime="20220112 14:53:19.142" endtime="20220112 14:53:21.065"></status>
</kw>
<kw name="Wait Until Element Is Visible" library="Selenium2Library">
<doc>Waits until the element ``locator`` is visible.</doc>
<arguments>
<arg>${txt_Summary}</arg>
</arguments>
<status status="PASS" starttime="20220112 14:53:21.068" endtime="20220112 14:53:22.596"></status>
</kw>
<kw name="Check visibility and click element" library="resource">
<arguments>
<arg>${btn_Send}</arg>
</arguments>
<kw name="Wait Until Element Is Visible" library="Selenium2Library">
<doc>Waits until the element ``locator`` is visible.</doc>
<arguments>
<arg>${element}</arg>
</arguments>
<status status="PASS" starttime="20220112 14:53:22.600" endtime="20220112 14:53:23.479"></status>
</kw>
<kw name="Click Element" library="Selenium2Library">
<doc>Click the element identified by ``locator``.</doc>
<arguments>
<arg>${element}</arg>
</arguments>
<msg timestamp="20220112 14:53:23.479" level="INFO">Clicking element 'xpath=//div[2]/button/span'.</msg>
<status status="PASS" starttime="20220112 14:53:23.479" endtime="20220112 14:53:24.431"></status>
</kw>
<status status="PASS" starttime="20220112 14:53:22.599" endtime="20220112 14:53:24.431"></status>
</kw>
<kw name="Sleep" library="BuiltIn">
<doc>Pauses the test executed for the given time.</doc>
<arguments>
<arg>2</arg>
</arguments>
<msg timestamp="20220112 14:53:26.440" level="INFO">Slept 2 seconds</msg>
<status status="PASS" starttime="20220112 14:53:24.431" endtime="20220112 14:53:26.440"></status>
</kw>
<kw name="Page Should Contain Element" library="Selenium2Library">
<doc>Verifies that element ``locator`` is found on the current page.</doc>
<arguments>
<arg>${link_highlight}</arg>
</arguments>
<msg timestamp="20220112 14:53:26.892" level="INFO">Current page contains element 'xpath=//a[contains(text(),'highlight.')]'.</msg>
<status status="PASS" starttime="20220112 14:53:26.440" endtime="20220112 14:53:26.892"></status>
</kw>
<kw name="Page Should Contain" library="Selenium2Library">
<doc>Verifies that current page contains ``text``.</doc>
<arguments>
<arg>Successfully sent highlight.</arg>
</arguments>
<msg timestamp="20220112 14:53:27.751" level="INFO">Current page contains text 'Successfully sent highlight.'.</msg>
<status status="PASS" starttime="20220112 14:53:26.892" endtime="20220112 14:53:27.752"></status>
</kw>
<kw name="Check visibility and click element" library="resource">
<arguments>
<arg>${link_Delete}</arg>
</arguments>
<kw name="Wait Until Element Is Visible" library="Selenium2Library">
<doc>Waits until the element ``locator`` is visible.</doc>
<arguments>
<arg>${element}</arg>
</arguments>
<status status="PASS" starttime="20220112 14:53:27.758" endtime="20220112 14:53:28.657"></status>
</kw>
<kw name="Click Element" library="Selenium2Library">
<doc>Click the element identified by ``locator``.</doc>
<arguments>
<arg>${element}</arg>
</arguments>
<msg timestamp="20220112 14:53:28.657" level="INFO">Clicking element 'xpath=//div[7]/div/a/span'.</msg>
<status status="PASS" starttime="20220112 14:53:28.657" endtime="20220112 14:53:29.625"></status>
</kw>
<status status="PASS" starttime="20220112 14:53:27.755" endtime="20220112 14:53:29.625"></status>
</kw>
<kw name="Handle Alert" library="Selenium2Library">
<doc>Handles the current alert and returns its message.</doc>
<arguments>
<arg>action=ACCEPT</arg>
</arguments>
<status status="PASS" starttime="20220112 14:53:29.627" endtime="20220112 14:53:30.853"></status>
</kw>
<status status="PASS" starttime="20220112 14:52:45.777" endtime="20220112 14:53:30.856" critical="yes"></status>
</test>
<kw name="Close Website" library="resource" type="teardown">
<kw name="Close All Browsers" library="Selenium2Library">
<doc>Closes all open browsers and resets the browser cache.</doc>
<status status="PASS" starttime="20220112 14:53:30.862" endtime="20220112 14:53:33.474"></status>
</kw>
<status status="PASS" starttime="20220112 14:53:30.862" endtime="20220112 14:53:33.474"></status>
</kw>
<status status="PASS" starttime="20220112 14:52:40.744" endtime="20220112 14:53:33.474"></status>
</suite>
<statistics>
<total>
<stat pass="1" fail="0">Critical Tests</stat>
<stat pass="1" fail="0">All Tests</stat>
</total>
<tag>
</tag>
<suite>
<stat pass="1" fail="0" id="s1" name="Test1 CreatingNoteforSessionAndSendingToJIRA">Test1 CreatingNoteforSessionAndSendingToJIRA</stat>
</suite>
</statistics>
<errors>
</errors>
</robot>
