<?xml version="1.0" encoding="UTF-8"?>
<robot generator="Robot 3.1 (Python 3.8.5 on win32)" generated="20220111 13:03:25.851" rpa="false">
<suite id="s1" name="Test2 IntegratingJiraWithFS" source="C:\Users\hemal\PycharmProjects\FullStory_Assignment\TestCases\Test2_IntegratingJiraWithFS.robot">
<kw name="Open Application" library="resource" type="setup">
<kw name="Open Website using URL" library="resource">
<arguments>
<arg>${FullStoryLogin}</arg>
</arguments>
<kw name="Open Browser" library="Selenium2Library">
<doc>Opens a new browser instance to the optional ``url``.</doc>
<arguments>
<arg>${URL}</arg>
<arg>Chrome</arg>
</arguments>
<msg timestamp="20220111 13:03:26.178" level="INFO">Opening browser 'Chrome' to base url 'https://app.fullstory.com/login/'.</msg>
<status status="PASS" starttime="20220111 13:03:26.178" endtime="20220111 13:03:39.445"></status>
</kw>
<kw name="Maximize Browser Window" library="Selenium2Library">
<doc>Maximizes current browser window.</doc>
<status status="PASS" starttime="20220111 13:03:39.445" endtime="20220111 13:03:39.573"></status>
</kw>
<status status="PASS" starttime="20220111 13:03:26.178" endtime="20220111 13:03:39.573"></status>
</kw>
<kw name="Add Cookie" library="Selenium2Library">
<doc>Adds a cookie to your current session.</doc>
<arguments>
<arg>${cookieName}</arg>
<arg>${cookieValue}</arg>
</arguments>
<status status="PASS" starttime="20220111 13:03:39.573" endtime="20220111 13:03:39.573"></status>
</kw>
<status status="PASS" starttime="20220111 13:03:26.178" endtime="20220111 13:03:39.573"></status>
</kw>
<test id="s1-t1" name="Integrating Jira with FS">
<kw name="Set Selenium Timeout" library="Selenium2Library" type="setup">
<doc>Sets the timeout that is used by various keywords.</doc>
<arguments>
<arg>30 seconds</arg>
</arguments>
<status status="PASS" starttime="20220111 13:03:39.573" endtime="20220111 13:03:39.573"></status>
</kw>
<kw name="Login into FullStory" library="resource">
<arguments>
<arg>${encEmailFS}</arg>
<arg>${encPassFS}</arg>
</arguments>
<kw name="Set Selenium Speed" library="Selenium2Library">
<doc>Sets the delay that is waited after each Selenium command.</doc>
<arguments>
<arg>0.4</arg>
</arguments>
<status status="PASS" starttime="20220111 13:03:39.573" endtime="20220111 13:03:39.573"></status>
</kw>
<kw name="Decode Pwd" library="Decode">
<arguments>
<arg>${encEmail}</arg>
</arguments>
<assign>
<var>${Email}</var>
</assign>
<msg timestamp="20220111 13:03:39.573" level="INFO">${Email} = hemnam24@gmail.com</msg>
<status status="PASS" starttime="20220111 13:03:39.573" endtime="20220111 13:03:39.573"></status>
</kw>
<kw name="Decode Pwd" library="Decode">
<arguments>
<arg>${encPass}</arg>
</arguments>
<assign>
<var>${Pass}</var>
</assign>
<msg timestamp="20220111 13:03:39.573" level="INFO">${Pass} = z7hGVmvUhaKqB2a</msg>
<status status="PASS" starttime="20220111 13:03:39.573" endtime="20220111 13:03:39.573"></status>
</kw>
<kw name="Input Text" library="Selenium2Library">
<doc>Types the given ``text`` into the text field identified by ``locator``.</doc>
<arguments>
<arg>${txt_email}</arg>
<arg>${Email}</arg>
</arguments>
<msg timestamp="20220111 13:03:39.573" level="INFO">Typing text 'hemnam24@gmail.com' into text field 'xpath=//div[@id='login-container']/div/div/div[2]/div/div[2]/form/div/div/div/input'.</msg>
<status status="PASS" starttime="20220111 13:03:39.573" endtime="20220111 13:03:40.960"></status>
</kw>
<kw name="Click Element" library="Selenium2Library">
<doc>Click the element identified by ``locator``.</doc>
<arguments>
<arg>${btn_Login}</arg>
</arguments>
<msg timestamp="20220111 13:03:40.960" level="INFO">Clicking element 'xpath=//span[contains(.,'Log in to FullStory')]'.</msg>
<status status="PASS" starttime="20220111 13:03:40.960" endtime="20220111 13:03:41.825"></status>
</kw>
<kw name="Input Password" library="Selenium2Library">
<doc>Types the given password into the text field identified by ``locator``.</doc>
<arguments>
<arg>${txt_password}</arg>
<arg>${Pass}</arg>
</arguments>
<msg timestamp="20220111 13:03:41.825" level="INFO">Typing password into text field 'css=.password &gt; input'.</msg>
<msg timestamp="20220111 13:03:42.665" level="INFO">Temporally setting log level to: NONE</msg>
<msg timestamp="20220111 13:03:43.126" level="INFO">Log level changed from NONE to INFO.</msg>
<status status="PASS" starttime="20220111 13:03:41.825" endtime="20220111 13:03:43.126"></status>
</kw>
<kw name="Click Element" library="Selenium2Library">
<doc>Click the element identified by ``locator``.</doc>
<arguments>
<arg>${btn_Login}</arg>
</arguments>
<msg timestamp="20220111 13:03:43.126" level="INFO">Clicking element 'xpath=//span[contains(.,'Log in to FullStory')]'.</msg>
<status status="PASS" starttime="20220111 13:03:43.126" endtime="20220111 13:03:43.983"></status>
</kw>
<kw name="Wait Until Location Contains" library="Selenium2Library">
<doc>Waits until the current URL contains ``expected``.</doc>
<arguments>
<arg>${FullStoryHomePage}</arg>
</arguments>
<status status="PASS" starttime="20220111 13:03:43.983" endtime="20220111 13:03:54.690"></status>
</kw>
<status status="PASS" starttime="20220111 13:03:39.573" endtime="20220111 13:03:54.690"></status>
</kw>
<kw name="Check visibility and click element" library="resource">
<arguments>
<arg>${icon_Profile}</arg>
</arguments>
<kw name="Wait Until Element Is Visible" library="Selenium2Library">
<doc>Waits until the element ``locator`` is visible.</doc>
<arguments>
<arg>${element}</arg>
</arguments>
<status status="PASS" starttime="20220111 13:03:54.691" endtime="20220111 13:03:55.541"></status>
</kw>
<kw name="Click Element" library="Selenium2Library">
<doc>Click the element identified by ``locator``.</doc>
<arguments>
<arg>${element}</arg>
</arguments>
<msg timestamp="20220111 13:03:55.541" level="INFO">Clicking element 'css=.selectedState'.</msg>
<status status="PASS" starttime="20220111 13:03:55.541" endtime="20220111 13:03:56.401"></status>
</kw>
<status status="PASS" starttime="20220111 13:03:54.691" endtime="20220111 13:03:56.402"></status>
</kw>
<kw name="Check visibility and click element" library="resource">
<arguments>
<arg>${btn_Settings}</arg>
</arguments>
<kw name="Wait Until Element Is Visible" library="Selenium2Library">
<doc>Waits until the element ``locator`` is visible.</doc>
<arguments>
<arg>${element}</arg>
</arguments>
<status status="PASS" starttime="20220111 13:03:56.404" endtime="20220111 13:03:57.265"></status>
</kw>
<kw name="Click Element" library="Selenium2Library">
<doc>Click the element identified by ``locator``.</doc>
<arguments>
<arg>${element}</arg>
</arguments>
<msg timestamp="20220111 13:03:57.265" level="INFO">Clicking element 'xpath=//div[@id='settingsBtn']/div'.</msg>
<status status="PASS" starttime="20220111 13:03:57.265" endtime="20220111 13:03:58.195"></status>
</kw>
<status status="PASS" starttime="20220111 13:03:56.403" endtime="20220111 13:03:58.195"></status>
</kw>
<kw name="Check visibility and click element" library="resource">
<arguments>
<arg>${link_ManageIntegration}</arg>
</arguments>
<kw name="Wait Until Element Is Visible" library="Selenium2Library">
<doc>Waits until the element ``locator`` is visible.</doc>
<arguments>
<arg>${element}</arg>
</arguments>
<status status="PASS" starttime="20220111 13:03:58.196" endtime="20220111 13:03:59.014"></status>
</kw>
<kw name="Click Element" library="Selenium2Library">
<doc>Click the element identified by ``locator``.</doc>
<arguments>
<arg>${element}</arg>
</arguments>
<msg timestamp="20220111 13:03:59.014" level="INFO">Clicking element 'xpath=//div[5]/div[2]/div/div/a/div/span'.</msg>
<status status="PASS" starttime="20220111 13:03:59.014" endtime="20220111 13:03:59.926"></status>
</kw>
<status status="PASS" starttime="20220111 13:03:58.196" endtime="20220111 13:03:59.926"></status>
</kw>
<kw name="Check visibility and click element" library="resource">
<arguments>
<arg>${btn_AddJira}</arg>
</arguments>
<kw name="Wait Until Element Is Visible" library="Selenium2Library">
<doc>Waits until the element ``locator`` is visible.</doc>
<arguments>
<arg>${element}</arg>
</arguments>
<status status="PASS" starttime="20220111 13:03:59.926" endtime="20220111 13:04:00.751"></status>
</kw>
<kw name="Click Element" library="Selenium2Library">
<doc>Click the element identified by ``locator``.</doc>
<arguments>
<arg>${element}</arg>
</arguments>
<msg timestamp="20220111 13:04:00.751" level="INFO">Clicking element 'css=.fs_component_box:nth-child(7) .\_3s2I1UWW6AUvWA0gok1W6_'.</msg>
<status status="PASS" starttime="20220111 13:04:00.751" endtime="20220111 13:04:01.593"></status>
</kw>
<status status="PASS" starttime="20220111 13:03:59.926" endtime="20220111 13:04:01.593"></status>
</kw>
<kw name="Check visibility and click element" library="resource">
<arguments>
<arg>${btn_Authorize}</arg>
</arguments>
<kw name="Wait Until Element Is Visible" library="Selenium2Library">
<doc>Waits until the element ``locator`` is visible.</doc>
<arguments>
<arg>${element}</arg>
</arguments>
<status status="PASS" starttime="20220111 13:04:01.595" endtime="20220111 13:04:02.417"></status>
</kw>
<kw name="Click Element" library="Selenium2Library">
<doc>Click the element identified by ``locator``.</doc>
<arguments>
<arg>${element}</arg>
</arguments>
<msg timestamp="20220111 13:04:02.417" level="INFO">Clicking element 'xpath=//span[contains(.,'Authorize')]'.</msg>
<status status="PASS" starttime="20220111 13:04:02.417" endtime="20220111 13:04:03.278"></status>
</kw>
<status status="PASS" starttime="20220111 13:04:01.594" endtime="20220111 13:04:03.278"></status>
</kw>
<kw name="Sleep" library="BuiltIn">
<doc>Pauses the test executed for the given time.</doc>
<arguments>
<arg>2</arg>
</arguments>
<msg timestamp="20220111 13:04:05.291" level="INFO">Slept 2 seconds</msg>
<status status="PASS" starttime="20220111 13:04:03.279" endtime="20220111 13:04:05.291"></status>
</kw>
<kw name="Select Window" library="Selenium2Library">
<doc>DEPRECATED in Selenium2Library 4.0. , use `Switch Window` instead.</doc>
<arguments>
<arg>New</arg>
</arguments>
<status status="PASS" starttime="20220111 13:04:05.291" endtime="20220111 13:04:06.907"></status>
</kw>
<kw name="Sleep" library="BuiltIn">
<doc>Pauses the test executed for the given time.</doc>
<arguments>
<arg>2</arg>
</arguments>
<msg timestamp="20220111 13:04:08.910" level="INFO">Slept 2 seconds</msg>
<status status="PASS" starttime="20220111 13:04:06.907" endtime="20220111 13:04:08.910"></status>
</kw>
<kw name="Login to Jira" library="resource">
<arguments>
<arg>${encJiraEmail}</arg>
<arg>${encJiraPassword}</arg>
</arguments>
<kw name="Set Selenium Speed" library="Selenium2Library">
<doc>Sets the delay that is waited after each Selenium command.</doc>
<arguments>
<arg>0.4</arg>
</arguments>
<status status="PASS" starttime="20220111 13:04:08.910" endtime="20220111 13:04:08.910"></status>
</kw>
<kw name="Decode Pwd" library="Decode">
<arguments>
<arg>${encEmail}</arg>
</arguments>
<assign>
<var>${Email}</var>
</assign>
<msg timestamp="20220111 13:04:08.910" level="INFO">${Email} = testuser1411988@gmail.com</msg>
<status status="PASS" starttime="20220111 13:04:08.910" endtime="20220111 13:04:08.910"></status>
</kw>
<kw name="Decode Pwd" library="Decode">
<arguments>
<arg>${encPass}</arg>
</arguments>
<assign>
<var>${Pass}</var>
</assign>
<msg timestamp="20220111 13:04:08.910" level="INFO">${Pass} = Full$tory2022</msg>
<status status="PASS" starttime="20220111 13:04:08.910" endtime="20220111 13:04:08.910"></status>
</kw>
<kw name="Input Text" library="Selenium2Library">
<doc>Types the given ``text`` into the text field identified by ``locator``.</doc>
<arguments>
<arg>${txt_JiraEmail}</arg>
<arg>${Email}</arg>
</arguments>
<msg timestamp="20220111 13:04:08.910" level="INFO">Typing text 'testuser1411988@gmail.com' into text field 'xpath=//input[@id='username']'.</msg>
<status status="PASS" starttime="20220111 13:04:08.910" endtime="20220111 13:04:10.414"></status>
</kw>
<kw name="Click Element" library="Selenium2Library">
<doc>Click the element identified by ``locator``.</doc>
<arguments>
<arg>${btn_JiraLoginContinue}</arg>
</arguments>
<msg timestamp="20220111 13:04:10.414" level="INFO">Clicking element 'xpath=//button[@id='login-submit']/span/span'.</msg>
<status status="PASS" starttime="20220111 13:04:10.414" endtime="20220111 13:04:11.314"></status>
</kw>
<kw name="Input Password" library="Selenium2Library">
<doc>Types the given password into the text field identified by ``locator``.</doc>
<arguments>
<arg>${txt_JiraPassword}</arg>
<arg>${Pass}</arg>
</arguments>
<msg timestamp="20220111 13:04:11.314" level="INFO">Typing password into text field 'xpath=//input[@id='password']'.</msg>
<msg timestamp="20220111 13:04:12.185" level="INFO">Temporally setting log level to: NONE</msg>
<msg timestamp="20220111 13:04:12.670" level="INFO">Log level changed from NONE to INFO.</msg>
<status status="PASS" starttime="20220111 13:04:11.314" endtime="20220111 13:04:12.670"></status>
</kw>
<kw name="Click Element" library="Selenium2Library">
<doc>Click the element identified by ``locator``.</doc>
<arguments>
<arg>${btn_JiraLogIn}</arg>
</arguments>
<msg timestamp="20220111 13:04:12.670" level="INFO">Clicking element 'xpath=//button[@id='login-submit']/span/span'.</msg>
<status status="PASS" starttime="20220111 13:04:12.670" endtime="20220111 13:04:13.515"></status>
</kw>
<status status="PASS" starttime="20220111 13:04:08.910" endtime="20220111 13:04:13.515"></status>
</kw>
<kw name="Select Window" library="Selenium2Library">
<doc>DEPRECATED in Selenium2Library 4.0. , use `Switch Window` instead.</doc>
<arguments>
<arg>Main</arg>
</arguments>
<status status="PASS" starttime="20220111 13:04:13.515" endtime="20220111 13:04:14.749"></status>
</kw>
<kw name="Check visibility and click element" library="resource">
<arguments>
<arg>${Sel_project}</arg>
</arguments>
<kw name="Wait Until Element Is Visible" library="Selenium2Library">
<doc>Waits until the element ``locator`` is visible.</doc>
<arguments>
<arg>${element}</arg>
</arguments>
<status status="PASS" starttime="20220111 13:04:14.750" endtime="20220111 13:04:17.419"></status>
</kw>
<kw name="Click Element" library="Selenium2Library">
<doc>Click the element identified by ``locator``.</doc>
<arguments>
<arg>${element}</arg>
</arguments>
<msg timestamp="20220111 13:04:17.419" level="INFO">Clicking element 'id=Project-integration-config-field'.</msg>
<status status="PASS" starttime="20220111 13:04:17.419" endtime="20220111 13:04:18.275"></status>
</kw>
<status status="PASS" starttime="20220111 13:04:14.749" endtime="20220111 13:04:18.276"></status>
</kw>
<kw name="Check visibility and click element" library="resource">
<arguments>
<arg>${Search_project}</arg>
</arguments>
<kw name="Wait Until Element Is Visible" library="Selenium2Library">
<doc>Waits until the element ``locator`` is visible.</doc>
<arguments>
<arg>${element}</arg>
</arguments>
<status status="PASS" starttime="20220111 13:04:18.280" endtime="20220111 13:04:19.138"></status>
</kw>
<kw name="Click Element" library="Selenium2Library">
<doc>Click the element identified by ``locator``.</doc>
<arguments>
<arg>${element}</arg>
</arguments>
<msg timestamp="20220111 13:04:19.138" level="INFO">Clicking element 'css=.Ai-6DI0UAEFmZc_K7CXfa &gt; input'.</msg>
<status status="PASS" starttime="20220111 13:04:19.138" endtime="20220111 13:04:19.992"></status>
</kw>
<status status="PASS" starttime="20220111 13:04:18.278" endtime="20220111 13:04:19.992"></status>
</kw>
<kw name="Input Text" library="Selenium2Library">
<doc>Types the given ``text`` into the text field identified by ``locator``.</doc>
<arguments>
<arg>${Search_project}</arg>
<arg>${ProjectName}</arg>
</arguments>
<msg timestamp="20220111 13:04:19.993" level="INFO">Typing text 'Full Story Assignment' into text field 'css=.Ai-6DI0UAEFmZc_K7CXfa &gt; input'.</msg>
<status status="PASS" starttime="20220111 13:04:19.993" endtime="20220111 13:04:21.379"></status>
</kw>
<kw name="Check visibility and click element" library="resource">
<arguments>
<arg>${Sel_FullStoryAssignment}</arg>
</arguments>
<kw name="Wait Until Element Is Visible" library="Selenium2Library">
<doc>Waits until the element ``locator`` is visible.</doc>
<arguments>
<arg>${element}</arg>
</arguments>
<status status="PASS" starttime="20220111 13:04:21.379" endtime="20220111 13:04:22.196"></status>
</kw>
<kw name="Click Element" library="Selenium2Library">
<doc>Click the element identified by ``locator``.</doc>
<arguments>
<arg>${element}</arg>
</arguments>
<msg timestamp="20220111 13:04:22.196" level="INFO">Clicking element 'xpath=//span[contains(.,'Full Story Assignment')]'.</msg>
<status status="PASS" starttime="20220111 13:04:22.196" endtime="20220111 13:04:23.060"></status>
</kw>
<status status="PASS" starttime="20220111 13:04:21.379" endtime="20220111 13:04:23.060"></status>
</kw>
<kw name="Page Should Contain" library="Selenium2Library">
<doc>Verifies that current page contains ``text``.</doc>
<arguments>
<arg>Successfully updated integration settings.</arg>
</arguments>
<msg timestamp="20220111 13:04:23.899" level="INFO">Current page contains text 'Successfully updated integration settings.'.</msg>
<status status="PASS" starttime="20220111 13:04:23.061" endtime="20220111 13:04:23.899"></status>
</kw>
<kw name="Sleep" library="BuiltIn">
<doc>Pauses the test executed for the given time.</doc>
<arguments>
<arg>2</arg>
</arguments>
<msg timestamp="20220111 13:04:25.904" level="INFO">Slept 2 seconds</msg>
<status status="PASS" starttime="20220111 13:04:23.899" endtime="20220111 13:04:25.904"></status>
</kw>
<kw name="Check visibility and click element" library="resource">
<arguments>
<arg>${Sel_IssueType}</arg>
</arguments>
<kw name="Wait Until Element Is Visible" library="Selenium2Library">
<doc>Waits until the element ``locator`` is visible.</doc>
<arguments>
<arg>${element}</arg>
</arguments>
<status status="PASS" starttime="20220111 13:04:25.904" endtime="20220111 13:04:26.705"></status>
</kw>
<kw name="Click Element" library="Selenium2Library">
<doc>Click the element identified by ``locator``.</doc>
<arguments>
<arg>${element}</arg>
</arguments>
<msg timestamp="20220111 13:04:26.705" level="INFO">Clicking element 'xpath=//button[@id='Issue Type-integration-config-field']/span'.</msg>
<status status="PASS" starttime="20220111 13:04:26.705" endtime="20220111 13:04:27.593"></status>
</kw>
<status status="PASS" starttime="20220111 13:04:25.904" endtime="20220111 13:04:27.593"></status>
</kw>
<kw name="Check visibility and click element" library="resource">
<arguments>
<arg>${Search_IssueType}</arg>
</arguments>
<kw name="Wait Until Element Is Visible" library="Selenium2Library">
<doc>Waits until the element ``locator`` is visible.</doc>
<arguments>
<arg>${element}</arg>
</arguments>
<status status="PASS" starttime="20220111 13:04:27.594" endtime="20220111 13:04:28.424"></status>
</kw>
<kw name="Click Element" library="Selenium2Library">
<doc>Click the element identified by ``locator``.</doc>
<arguments>
<arg>${element}</arg>
</arguments>
<msg timestamp="20220111 13:04:28.424" level="INFO">Clicking element 'css=.Ai-6DI0UAEFmZc_K7CXfa &gt; input'.</msg>
<status status="PASS" starttime="20220111 13:04:28.424" endtime="20220111 13:04:29.271"></status>
</kw>
<status status="PASS" starttime="20220111 13:04:27.593" endtime="20220111 13:04:29.271"></status>
</kw>
<kw name="Input Text" library="Selenium2Library">
<doc>Types the given ``text`` into the text field identified by ``locator``.</doc>
<arguments>
<arg>${Search_IssueType}</arg>
<arg>${IssueType}</arg>
</arguments>
<msg timestamp="20220111 13:04:29.271" level="INFO">Typing text 'Bug' into text field 'css=.Ai-6DI0UAEFmZc_K7CXfa &gt; input'.</msg>
<status status="PASS" starttime="20220111 13:04:29.271" endtime="20220111 13:04:30.597"></status>
</kw>
<kw name="Check visibility and click element" library="resource">
<arguments>
<arg>${Sel_Bug}</arg>
</arguments>
<kw name="Wait Until Element Is Visible" library="Selenium2Library">
<doc>Waits until the element ``locator`` is visible.</doc>
<arguments>
<arg>${element}</arg>
</arguments>
<status status="PASS" starttime="20220111 13:04:30.597" endtime="20220111 13:04:31.414"></status>
</kw>
<kw name="Click Element" library="Selenium2Library">
<doc>Click the element identified by ``locator``.</doc>
<arguments>
<arg>${element}</arg>
</arguments>
<msg timestamp="20220111 13:04:31.414" level="INFO">Clicking element 'css=.buttonReset:nth-child(1) &gt; .fs_component_box .\_2X5e1TR3_S-9nZtcprcQv5:nth-child(1)'.</msg>
<status status="PASS" starttime="20220111 13:04:31.414" endtime="20220111 13:04:32.274"></status>
</kw>
<status status="PASS" starttime="20220111 13:04:30.597" endtime="20220111 13:04:32.274"></status>
</kw>
<kw name="Page Should Contain" library="Selenium2Library">
<doc>Verifies that current page contains ``text``.</doc>
<arguments>
<arg>Successfully updated integration settings.</arg>
</arguments>
<msg timestamp="20220111 13:04:33.101" level="INFO">Current page contains text 'Successfully updated integration settings.'.</msg>
<status status="PASS" starttime="20220111 13:04:32.275" endtime="20220111 13:04:33.101"></status>
</kw>
<kw name="Wait Until Element Is Visible" library="Selenium2Library">
<doc>Waits until the element ``locator`` is visible.</doc>
<arguments>
<arg>${btn_done}</arg>
</arguments>
<status status="PASS" starttime="20220111 13:04:33.101" endtime="20220111 13:04:33.917"></status>
</kw>
<kw name="Click Element with xpath using JS" library="resource">
<arguments>
<arg>${btn_done}</arg>
</arguments>
<kw name="Execute Javascript" library="Selenium2Library">
<doc>Executes the given JavaScript code with possible arguments.</doc>
<arguments>
<arg>document.evaluate("${locator}",document.body,null,9,null).singleNodeValue.click();</arg>
</arguments>
<msg timestamp="20220111 13:04:33.917" level="INFO">Executing JavaScript:
document.evaluate("//div[3]/div/div[2]/div/button/span",document.body,null,9,null).singleNodeValue.click();
Without any arguments.</msg>
<status status="PASS" starttime="20220111 13:04:33.917" endtime="20220111 13:04:34.341"></status>
</kw>
<status status="PASS" starttime="20220111 13:04:33.917" endtime="20220111 13:04:34.341"></status>
</kw>
<status status="PASS" starttime="20220111 13:03:39.573" endtime="20220111 13:04:34.342" critical="yes"></status>
</test>
<kw name="Close Website" library="resource" type="teardown">
<kw name="Close All Browsers" library="Selenium2Library">
<doc>Closes all open browsers and resets the browser cache.</doc>
<status status="PASS" starttime="20220111 13:04:34.344" endtime="20220111 13:04:36.839"></status>
</kw>
<status status="PASS" starttime="20220111 13:04:34.344" endtime="20220111 13:04:36.839"></status>
</kw>
<status status="PASS" starttime="20220111 13:03:25.851" endtime="20220111 13:04:36.839"></status>
</suite>
<statistics>
<total>
<stat pass="1" fail="0">Critical Tests</stat>
<stat pass="1" fail="0">All Tests</stat>
</total>
<tag>
</tag>
<suite>
<stat pass="1" fail="0" id="s1" name="Test2 IntegratingJiraWithFS">Test2 IntegratingJiraWithFS</stat>
</suite>
</statistics>
<errors>
</errors>
</robot>
