<?xml version="1.0" encoding="UTF-8"?>
<robot generator="Robot 3.1 (Python 3.8.5 on win32)" generated="20220111 12:36:45.647" rpa="false">
<suite id="s1" name="Test2 IntegratingJiraWithFS" source="C:\Users\hemal\PycharmProjects\FullStory_Assignment\TestCases\Test2_IntegratingJiraWithFS.robot">
<kw name="Open Application" library="resource" type="setup">
<kw name="Open Website using URL" library="resource">
<arguments>
<arg>${FullStoryLogin}</arg>
</arguments>
<kw name="Open Browser" library="Selenium2Library">
<doc>Opens a new browser instance to the optional ``url``.</doc>
<arguments>
<arg>${URL}</arg>
<arg>Chrome</arg>
</arguments>
<msg timestamp="20220111 12:36:46.295" level="INFO">Opening browser 'Chrome' to base url 'https://app.fullstory.com/login/'.</msg>
<status status="PASS" starttime="20220111 12:36:46.295" endtime="20220111 12:36:54.260"></status>
</kw>
<kw name="Maximize Browser Window" library="Selenium2Library">
<doc>Maximizes current browser window.</doc>
<status status="PASS" starttime="20220111 12:36:54.260" endtime="20220111 12:36:54.390"></status>
</kw>
<status status="PASS" starttime="20220111 12:36:46.295" endtime="20220111 12:36:54.390"></status>
</kw>
<kw name="Add Cookie" library="Selenium2Library">
<doc>Adds a cookie to your current session.</doc>
<arguments>
<arg>${cookieName}</arg>
<arg>${cookieValue}</arg>
</arguments>
<status status="PASS" starttime="20220111 12:36:54.390" endtime="20220111 12:36:54.406"></status>
</kw>
<status status="PASS" starttime="20220111 12:36:46.295" endtime="20220111 12:36:54.406"></status>
</kw>
<test id="s1-t1" name="Integrating Jira with FS">
<kw name="Set Selenium Timeout" library="Selenium2Library" type="setup">
<doc>Sets the timeout that is used by various keywords.</doc>
<arguments>
<arg>30 seconds</arg>
</arguments>
<status status="PASS" starttime="20220111 12:36:54.406" endtime="20220111 12:36:54.406"></status>
</kw>
<kw name="Login into FullStory" library="resource">
<arguments>
<arg>${encEmailFS}</arg>
<arg>${encPassFS}</arg>
</arguments>
<kw name="Set Selenium Speed" library="Selenium2Library">
<doc>Sets the delay that is waited after each Selenium command.</doc>
<arguments>
<arg>0.4</arg>
</arguments>
<status status="PASS" starttime="20220111 12:36:54.406" endtime="20220111 12:36:54.406"></status>
</kw>
<kw name="Decode Pwd" library="Decode">
<arguments>
<arg>${encEmail}</arg>
</arguments>
<assign>
<var>${Email}</var>
</assign>
<msg timestamp="20220111 12:36:54.406" level="INFO">${Email} = hemnam24@gmail.com</msg>
<status status="PASS" starttime="20220111 12:36:54.406" endtime="20220111 12:36:54.406"></status>
</kw>
<kw name="Decode Pwd" library="Decode">
<arguments>
<arg>${encPass}</arg>
</arguments>
<assign>
<var>${Pass}</var>
</assign>
<msg timestamp="20220111 12:36:54.406" level="INFO">${Pass} = z7hGVmvUhaKqB2a</msg>
<status status="PASS" starttime="20220111 12:36:54.406" endtime="20220111 12:36:54.406"></status>
</kw>
<kw name="Input Text" library="Selenium2Library">
<doc>Types the given ``text`` into the text field identified by ``locator``.</doc>
<arguments>
<arg>${txt_email}</arg>
<arg>${Email}</arg>
</arguments>
<msg timestamp="20220111 12:36:54.406" level="INFO">Typing text 'hemnam24@gmail.com' into text field 'xpath=//div[@id='login-container']/div/div/div[2]/div/div[2]/form/div/div/div/input'.</msg>
<status status="PASS" starttime="20220111 12:36:54.406" endtime="20220111 12:36:55.774"></status>
</kw>
<kw name="Click Element" library="Selenium2Library">
<doc>Click the element identified by ``locator``.</doc>
<arguments>
<arg>${btn_Login}</arg>
</arguments>
<msg timestamp="20220111 12:36:55.774" level="INFO">Clicking element 'xpath=//span[contains(.,'Log in to FullStory')]'.</msg>
<status status="PASS" starttime="20220111 12:36:55.774" endtime="20220111 12:36:56.661"></status>
</kw>
<kw name="Input Password" library="Selenium2Library">
<doc>Types the given password into the text field identified by ``locator``.</doc>
<arguments>
<arg>${txt_password}</arg>
<arg>${Pass}</arg>
</arguments>
<msg timestamp="20220111 12:36:56.661" level="INFO">Typing password into text field 'css=.password &gt; input'.</msg>
<msg timestamp="20220111 12:36:57.509" level="INFO">Temporally setting log level to: NONE</msg>
<msg timestamp="20220111 12:36:57.964" level="INFO">Log level changed from NONE to INFO.</msg>
<status status="PASS" starttime="20220111 12:36:56.661" endtime="20220111 12:36:57.964"></status>
</kw>
<kw name="Click Element" library="Selenium2Library">
<doc>Click the element identified by ``locator``.</doc>
<arguments>
<arg>${btn_Login}</arg>
</arguments>
<msg timestamp="20220111 12:36:57.964" level="INFO">Clicking element 'xpath=//span[contains(.,'Log in to FullStory')]'.</msg>
<status status="PASS" starttime="20220111 12:36:57.964" endtime="20220111 12:36:58.817"></status>
</kw>
<kw name="Wait Until Location Contains" library="Selenium2Library">
<doc>Waits until the current URL contains ``expected``.</doc>
<arguments>
<arg>${FullStoryHomePage}</arg>
</arguments>
<status status="PASS" starttime="20220111 12:36:58.817" endtime="20220111 12:37:21.799"></status>
</kw>
<status status="PASS" starttime="20220111 12:36:54.406" endtime="20220111 12:37:21.799"></status>
</kw>
<kw name="Check visibility and click element" library="resource">
<arguments>
<arg>${icon_Profile}</arg>
</arguments>
<kw name="Wait Until Element Is Visible" library="Selenium2Library">
<doc>Waits until the element ``locator`` is visible.</doc>
<arguments>
<arg>${element}</arg>
</arguments>
<status status="PASS" starttime="20220111 12:37:21.800" endtime="20220111 12:37:22.649"></status>
</kw>
<kw name="Click Element" library="Selenium2Library">
<doc>Click the element identified by ``locator``.</doc>
<arguments>
<arg>${element}</arg>
</arguments>
<msg timestamp="20220111 12:37:22.650" level="INFO">Clicking element 'css=.selectedState'.</msg>
<status status="PASS" starttime="20220111 12:37:22.649" endtime="20220111 12:37:23.511"></status>
</kw>
<status status="PASS" starttime="20220111 12:37:21.800" endtime="20220111 12:37:23.511"></status>
</kw>
<kw name="Check visibility and click element" library="resource">
<arguments>
<arg>${btn_Settings}</arg>
</arguments>
<kw name="Wait Until Element Is Visible" library="Selenium2Library">
<doc>Waits until the element ``locator`` is visible.</doc>
<arguments>
<arg>${element}</arg>
</arguments>
<status status="PASS" starttime="20220111 12:37:23.511" endtime="20220111 12:37:25.378"></status>
</kw>
<kw name="Click Element" library="Selenium2Library">
<doc>Click the element identified by ``locator``.</doc>
<arguments>
<arg>${element}</arg>
</arguments>
<msg timestamp="20220111 12:37:25.378" level="INFO">Clicking element 'xpath=//div[@id='settingsBtn']/div'.</msg>
<status status="PASS" starttime="20220111 12:37:25.378" endtime="20220111 12:37:26.281"></status>
</kw>
<status status="PASS" starttime="20220111 12:37:23.511" endtime="20220111 12:37:26.281"></status>
</kw>
<kw name="Check visibility and click element" library="resource">
<arguments>
<arg>${link_ManageIntegration}</arg>
</arguments>
<kw name="Wait Until Element Is Visible" library="Selenium2Library">
<doc>Waits until the element ``locator`` is visible.</doc>
<arguments>
<arg>${element}</arg>
</arguments>
<status status="PASS" starttime="20220111 12:37:26.282" endtime="20220111 12:37:27.117"></status>
</kw>
<kw name="Click Element" library="Selenium2Library">
<doc>Click the element identified by ``locator``.</doc>
<arguments>
<arg>${element}</arg>
</arguments>
<msg timestamp="20220111 12:37:27.117" level="INFO">Clicking element 'xpath=//div[5]/div[2]/div/div/a/div/span'.</msg>
<status status="PASS" starttime="20220111 12:37:27.117" endtime="20220111 12:37:28.007"></status>
</kw>
<status status="PASS" starttime="20220111 12:37:26.282" endtime="20220111 12:37:28.007"></status>
</kw>
<kw name="Check visibility and click element" library="resource">
<arguments>
<arg>${btn_AddJira}</arg>
</arguments>
<kw name="Wait Until Element Is Visible" library="Selenium2Library">
<doc>Waits until the element ``locator`` is visible.</doc>
<arguments>
<arg>${element}</arg>
</arguments>
<status status="PASS" starttime="20220111 12:37:28.007" endtime="20220111 12:37:28.837"></status>
</kw>
<kw name="Click Element" library="Selenium2Library">
<doc>Click the element identified by ``locator``.</doc>
<arguments>
<arg>${element}</arg>
</arguments>
<msg timestamp="20220111 12:37:28.837" level="INFO">Clicking element 'css=.fs_component_box:nth-child(7) .\_3s2I1UWW6AUvWA0gok1W6_'.</msg>
<status status="PASS" starttime="20220111 12:37:28.837" endtime="20220111 12:37:29.715"></status>
</kw>
<status status="PASS" starttime="20220111 12:37:28.007" endtime="20220111 12:37:29.715"></status>
</kw>
<kw name="Check visibility and click element" library="resource">
<arguments>
<arg>${btn_Authorize}</arg>
</arguments>
<kw name="Wait Until Element Is Visible" library="Selenium2Library">
<doc>Waits until the element ``locator`` is visible.</doc>
<arguments>
<arg>${element}</arg>
</arguments>
<status status="PASS" starttime="20220111 12:37:29.716" endtime="20220111 12:37:30.561"></status>
</kw>
<kw name="Click Element" library="Selenium2Library">
<doc>Click the element identified by ``locator``.</doc>
<arguments>
<arg>${element}</arg>
</arguments>
<msg timestamp="20220111 12:37:30.561" level="INFO">Clicking element 'xpath=//span[contains(.,'Authorize')]'.</msg>
<status status="PASS" starttime="20220111 12:37:30.561" endtime="20220111 12:37:31.400"></status>
</kw>
<status status="PASS" starttime="20220111 12:37:29.716" endtime="20220111 12:37:31.400"></status>
</kw>
<kw name="Sleep" library="BuiltIn">
<doc>Pauses the test executed for the given time.</doc>
<arguments>
<arg>2</arg>
</arguments>
<msg timestamp="20220111 12:37:33.413" level="INFO">Slept 2 seconds</msg>
<status status="PASS" starttime="20220111 12:37:31.401" endtime="20220111 12:37:33.413"></status>
</kw>
<kw name="Select Window" library="Selenium2Library">
<doc>DEPRECATED in Selenium2Library 4.0. , use `Switch Window` instead.</doc>
<arguments>
<arg>New</arg>
</arguments>
<status status="PASS" starttime="20220111 12:37:33.414" endtime="20220111 12:37:35.094"></status>
</kw>
<kw name="Sleep" library="BuiltIn">
<doc>Pauses the test executed for the given time.</doc>
<arguments>
<arg>2</arg>
</arguments>
<msg timestamp="20220111 12:37:37.101" level="INFO">Slept 2 seconds</msg>
<status status="PASS" starttime="20220111 12:37:35.095" endtime="20220111 12:37:37.101"></status>
</kw>
<kw name="Login to Jira" library="resource">
<arguments>
<arg>${encJiraEmail}</arg>
<arg>${encJiraPassword}</arg>
</arguments>
<kw name="Set Selenium Speed" library="Selenium2Library">
<doc>Sets the delay that is waited after each Selenium command.</doc>
<arguments>
<arg>0.4</arg>
</arguments>
<status status="PASS" starttime="20220111 12:37:37.102" endtime="20220111 12:37:37.102"></status>
</kw>
<kw name="Decode Pwd" library="Decode">
<arguments>
<arg>${encEmail}</arg>
</arguments>
<assign>
<var>${Email}</var>
</assign>
<msg timestamp="20220111 12:37:37.103" level="INFO">${Email} = testuser1411988@gmail.com</msg>
<status status="PASS" starttime="20220111 12:37:37.103" endtime="20220111 12:37:37.103"></status>
</kw>
<kw name="Decode Pwd" library="Decode">
<arguments>
<arg>${encPass}</arg>
</arguments>
<assign>
<var>${Pass}</var>
</assign>
<msg timestamp="20220111 12:37:37.103" level="INFO">${Pass} = Full$tory2022</msg>
<status status="PASS" starttime="20220111 12:37:37.103" endtime="20220111 12:37:37.103"></status>
</kw>
<kw name="Input Text" library="Selenium2Library">
<doc>Types the given ``text`` into the text field identified by ``locator``.</doc>
<arguments>
<arg>${txt_JiraEmail}</arg>
<arg>${Email}</arg>
</arguments>
<msg timestamp="20220111 12:37:37.103" level="INFO">Typing text 'testuser1411988@gmail.com' into text field 'xpath=//input[@id='username']'.</msg>
<status status="PASS" starttime="20220111 12:37:37.103" endtime="20220111 12:37:38.875"></status>
</kw>
<kw name="Click Element" library="Selenium2Library">
<doc>Click the element identified by ``locator``.</doc>
<arguments>
<arg>${btn_JiraLoginContinue}</arg>
</arguments>
<msg timestamp="20220111 12:37:38.875" level="INFO">Clicking element 'xpath=//button[@id='login-submit']/span/span'.</msg>
<status status="PASS" starttime="20220111 12:37:38.875" endtime="20220111 12:37:39.771"></status>
</kw>
<kw name="Input Password" library="Selenium2Library">
<doc>Types the given password into the text field identified by ``locator``.</doc>
<arguments>
<arg>${txt_JiraPassword}</arg>
<arg>${Pass}</arg>
</arguments>
<msg timestamp="20220111 12:37:39.771" level="INFO">Typing password into text field 'xpath=//input[@id='password']'.</msg>
<msg timestamp="20220111 12:37:40.657" level="INFO">Temporally setting log level to: NONE</msg>
<msg timestamp="20220111 12:37:41.129" level="INFO">Log level changed from NONE to INFO.</msg>
<status status="PASS" starttime="20220111 12:37:39.771" endtime="20220111 12:37:41.129"></status>
</kw>
<kw name="Click Element" library="Selenium2Library">
<doc>Click the element identified by ``locator``.</doc>
<arguments>
<arg>${btn_JiraLogIn}</arg>
</arguments>
<msg timestamp="20220111 12:37:41.130" level="INFO">Clicking element 'xpath=//button[@id='login-submit']/span/span'.</msg>
<status status="PASS" starttime="20220111 12:37:41.129" endtime="20220111 12:37:41.999"></status>
</kw>
<status status="PASS" starttime="20220111 12:37:37.102" endtime="20220111 12:37:41.999"></status>
</kw>
<kw name="Select Window" library="Selenium2Library">
<doc>DEPRECATED in Selenium2Library 4.0. , use `Switch Window` instead.</doc>
<arguments>
<arg>Main</arg>
</arguments>
<status status="PASS" starttime="20220111 12:37:42.000" endtime="20220111 12:37:43.245"></status>
</kw>
<kw name="Check visibility and click element" library="resource">
<arguments>
<arg>${Sel_project}</arg>
</arguments>
<kw name="Wait Until Element Is Visible" library="Selenium2Library">
<doc>Waits until the element ``locator`` is visible.</doc>
<arguments>
<arg>${element}</arg>
</arguments>
<status status="PASS" starttime="20220111 12:37:43.246" endtime="20220111 12:37:47.168"></status>
</kw>
<kw name="Click Element" library="Selenium2Library">
<doc>Click the element identified by ``locator``.</doc>
<arguments>
<arg>${element}</arg>
</arguments>
<msg timestamp="20220111 12:37:47.168" level="INFO">Clicking element 'id=Project-integration-config-field'.</msg>
<status status="PASS" starttime="20220111 12:37:47.168" endtime="20220111 12:37:48.049"></status>
</kw>
<status status="PASS" starttime="20220111 12:37:43.246" endtime="20220111 12:37:48.049"></status>
</kw>
<kw name="Check visibility and click element" library="resource">
<arguments>
<arg>${Search_project}</arg>
</arguments>
<kw name="Wait Until Element Is Visible" library="Selenium2Library">
<doc>Waits until the element ``locator`` is visible.</doc>
<arguments>
<arg>${element}</arg>
</arguments>
<status status="PASS" starttime="20220111 12:37:48.049" endtime="20220111 12:37:48.871"></status>
</kw>
<kw name="Click Element" library="Selenium2Library">
<doc>Click the element identified by ``locator``.</doc>
<arguments>
<arg>${element}</arg>
</arguments>
<msg timestamp="20220111 12:37:48.871" level="INFO">Clicking element 'css=.Ai-6DI0UAEFmZc_K7CXfa &gt; input'.</msg>
<status status="PASS" starttime="20220111 12:37:48.871" endtime="20220111 12:37:49.717"></status>
</kw>
<status status="PASS" starttime="20220111 12:37:48.049" endtime="20220111 12:37:49.717"></status>
</kw>
<kw name="Input Text" library="Selenium2Library">
<doc>Types the given ``text`` into the text field identified by ``locator``.</doc>
<arguments>
<arg>${Search_project}</arg>
<arg>${ProjectName}</arg>
</arguments>
<msg timestamp="20220111 12:37:49.717" level="INFO">Typing text 'Full Story Assignment' into text field 'css=.Ai-6DI0UAEFmZc_K7CXfa &gt; input'.</msg>
<status status="PASS" starttime="20220111 12:37:49.717" endtime="20220111 12:37:51.075"></status>
</kw>
<kw name="Check visibility and click element" library="resource">
<arguments>
<arg>${Sel_FullStoryAssignment}</arg>
</arguments>
<kw name="Wait Until Element Is Visible" library="Selenium2Library">
<doc>Waits until the element ``locator`` is visible.</doc>
<arguments>
<arg>${element}</arg>
</arguments>
<status status="PASS" starttime="20220111 12:37:51.075" endtime="20220111 12:37:51.877"></status>
</kw>
<kw name="Click Element" library="Selenium2Library">
<doc>Click the element identified by ``locator``.</doc>
<arguments>
<arg>${element}</arg>
</arguments>
<msg timestamp="20220111 12:37:51.877" level="INFO">Clicking element 'xpath=//span[contains(.,'Full Story Assignment')]'.</msg>
<status status="PASS" starttime="20220111 12:37:51.877" endtime="20220111 12:37:52.750"></status>
</kw>
<status status="PASS" starttime="20220111 12:37:51.075" endtime="20220111 12:37:52.750"></status>
</kw>
<kw name="Sleep" library="BuiltIn">
<doc>Pauses the test executed for the given time.</doc>
<arguments>
<arg>2</arg>
</arguments>
<msg timestamp="20220111 12:37:54.763" level="INFO">Slept 2 seconds</msg>
<status status="PASS" starttime="20220111 12:37:52.751" endtime="20220111 12:37:54.763"></status>
</kw>
<kw name="Check visibility and click element" library="resource">
<arguments>
<arg>${Sel_IssueType}</arg>
</arguments>
<kw name="Wait Until Element Is Visible" library="Selenium2Library">
<doc>Waits until the element ``locator`` is visible.</doc>
<arguments>
<arg>${element}</arg>
</arguments>
<status status="PASS" starttime="20220111 12:37:54.764" endtime="20220111 12:37:55.598"></status>
</kw>
<kw name="Click Element" library="Selenium2Library">
<doc>Click the element identified by ``locator``.</doc>
<arguments>
<arg>${element}</arg>
</arguments>
<msg timestamp="20220111 12:37:55.598" level="INFO">Clicking element 'xpath=//button[@id='Issue Type-integration-config-field']/span'.</msg>
<status status="PASS" starttime="20220111 12:37:55.598" endtime="20220111 12:37:56.486"></status>
</kw>
<status status="PASS" starttime="20220111 12:37:54.764" endtime="20220111 12:37:56.487"></status>
</kw>
<kw name="Input Text" library="Selenium2Library">
<doc>Types the given ``text`` into the text field identified by ``locator``.</doc>
<arguments>
<arg>${Search_project}</arg>
<arg>${IssueType}</arg>
</arguments>
<msg timestamp="20220111 12:37:56.488" level="INFO">Typing text 'Bug' into text field 'css=.Ai-6DI0UAEFmZc_K7CXfa &gt; input'.</msg>
<status status="PASS" starttime="20220111 12:37:56.487" endtime="20220111 12:37:57.764"></status>
</kw>
<kw name="Check visibility and click element" library="resource">
<arguments>
<arg>${btn_done}</arg>
</arguments>
<kw name="Wait Until Element Is Visible" library="Selenium2Library">
<doc>Waits until the element ``locator`` is visible.</doc>
<arguments>
<arg>${element}</arg>
</arguments>
<status status="PASS" starttime="20220111 12:37:57.764" endtime="20220111 12:37:58.588"></status>
</kw>
<kw name="Click Element" library="Selenium2Library">
<doc>Click the element identified by ``locator``.</doc>
<arguments>
<arg>${element}</arg>
</arguments>
<msg timestamp="20220111 12:37:58.588" level="INFO">Clicking element 'xpath=//div[3]/div/div[2]/div/button/span'.</msg>
<status status="PASS" starttime="20220111 12:37:58.588" endtime="20220111 12:37:59.457"></status>
</kw>
<status status="PASS" starttime="20220111 12:37:57.764" endtime="20220111 12:37:59.457"></status>
</kw>
<status status="PASS" starttime="20220111 12:36:54.406" endtime="20220111 12:37:59.457" critical="yes"></status>
</test>
<kw name="Close Website" library="resource" type="teardown">
<kw name="Close All Browsers" library="Selenium2Library">
<doc>Closes all open browsers and resets the browser cache.</doc>
<status status="PASS" starttime="20220111 12:37:59.460" endtime="20220111 12:38:03.214"></status>
</kw>
<status status="PASS" starttime="20220111 12:37:59.460" endtime="20220111 12:38:03.214"></status>
</kw>
<status status="PASS" starttime="20220111 12:36:45.647" endtime="20220111 12:38:03.214"></status>
</suite>
<statistics>
<total>
<stat pass="1" fail="0">Critical Tests</stat>
<stat pass="1" fail="0">All Tests</stat>
</total>
<tag>
</tag>
<suite>
<stat pass="1" fail="0" id="s1" name="Test2 IntegratingJiraWithFS">Test2 IntegratingJiraWithFS</stat>
</suite>
</statistics>
<errors>
</errors>
</robot>
